<?xml version="1.0" encoding="UTF-8" ?>
<testsuite tests="2" failures="0" name="NotificationTest" time="5.661" errors="0" skipped="0">
  <properties>
    <property name="idea.version" value="2022.1"/>
    <property name="java.runtime.name" value="OpenJDK Runtime Environment"/>
    <property name="java.vm.version" value="18.0.1.1+2-6"/>
    <property name="sun.boot.library.path" value="C:\Users\markm\.jdks\openjdk-18.0.1.1\bin"/>
    <property name="maven.multiModuleProjectDirectory" value="C:\Users\markm\Desktop\VeryLinkedIN\verylinkedin\notifications"/>
    <property name="java.vm.vendor" value="Oracle Corporation"/>
    <property name="java.vendor.url" value="https://java.oracle.com/"/>
    <property name="guice.disable.misplaced.annotation.check" value="true"/>
    <property name="path.separator" value=";"/>
    <property name="java.vm.name" value="OpenJDK 64-Bit Server VM"/>
    <property name="sun.os.patch.level" value=""/>
    <property name="user.script" value=""/>
    <property name="user.country" value="GB"/>
    <property name="sun.java.launcher" value="SUN_STANDARD"/>
    <property name="java.vm.specification.name" value="Java Virtual Machine Specification"/>
    <property name="user.dir" value="C:\Users\markm\Desktop\VeryLinkedIN\verylinkedin\notifications"/>
    <property name="java.vm.compressedOopsMode" value="Zero based"/>
    <property name="java.runtime.version" value="18.0.1.1+2-6"/>
    <property name="os.arch" value="amd64"/>
    <property name="java.io.tmpdir" value="C:\Users\markm\AppData\Local\Temp\"/>
    <property name="line.separator" value="
"/>
    <property name="java.vm.specification.vendor" value="Oracle Corporation"/>
    <property name="user.variant" value=""/>
    <property name="os.name" value="Windows 10"/>
    <property name="maven.ext.class.path" value="C:\Program Files\JetBrains\IntelliJ IDEA Community Edition 2022.1\plugins\maven\lib\maven-event-listener.jar"/>
    <property name="classworlds.conf" value="C:\Program Files\JetBrains\IntelliJ IDEA Community Edition 2022.1\plugins\maven\lib\maven3\bin\m2.conf"/>
    <property name="sun.jnu.encoding" value="Cp1252"/>
    <property name="java.library.path" value="C:\Users\markm\.jdks\openjdk-18.0.1.1\bin;C:\Windows\Sun\Java\bin;C:\Windows\system32;C:\Windows;C:\Users\markm\AppData\Local\Programs\Python\Python310\Scripts\;C:\Users\markm\AppData\Local\Programs\Python\Python310\;C:\Program Files\Common Files\Oracle\Java\javapath;C:\Program Files (x86)\Common Files\Oracle\Java\javapath;C:\Windows\system32;C:\Windows;C:\Windows\System32\Wbem;C:\Windows\System32\WindowsPowerShell\v1.0\;C:\Windows\System32\OpenSSH\;C:\Program Files\Git\cmd;C:\ProgramData\chocolatey\bin;C:\Program Files\OpenJDK\openjdk-11.0.14.1_1\bin;C:\Program Files\swipl\bin;C:\Program Files\nodejs\;C:\Program Files\Docker\Docker\resources\bin;C:\ProgramData\DockerDesktop\version-bin;C:\Users\markm\AppData\Local\.meteor/;C:\Users\markm\AppData\Roaming\npm\node_modules\meteor\node_modules\.bin;C:\Users\markm\AppData\Roaming\npm\node_modules\node_modules\.bin;C:\Users\markm\AppData\Roaming\npm\node_modules\.bin;C:\Users\markm\AppData\Roaming\node_modules\.bin;C:\Users\markm\AppData\node_modules\.bin;C:\Users\markm\node_modules\.bin;C:\Users\node_modules\.bin;C:\node_modules\.bin;C:\Program Files\nodejs\node_modules\npm\node_modules\@npmcli\run-script\lib\node-gyp-bin;C:\Program Files\Common Files\Oracle\Java\javapath;C:\Program Files (x86)\Common Files\Oracle\Java\javapath;C:\Windows\system32;C:\Windows;C:\Windows\System32\Wbem;C:\Windows\System32\WindowsPowerShell\v1.0\;C:\Windows\System32\OpenSSH\;C:\Program Files\Git\cmd;C:\ProgramData\chocolatey\bin;C:\Program Files\nodejs\;C:\Program Files\OpenJDK\openjdk-11.0.14.1_1\bin;C:\Program Files\swipl\bin;C:\Users\markm\AppDa;C:\Users\markm\AppData\Roaming\npm;C:\Users\markm\AppData\Local\Programs\Microsoft VS Code\bin;C:\Users\markm\AppData\L;."/>
    <property name="maven.conf" value="C:\Program Files\JetBrains\IntelliJ IDEA Community Edition 2022.1\plugins\maven\lib\maven3/conf"/>
    <property name="jdk.debug" value="release"/>
    <property name="java.class.version" value="62.0"/>
    <property name="java.specification.name" value="Java Platform API Specification"/>
    <property name="sun.management.compiler" value="HotSpot 64-Bit Tiered Compilers"/>
    <property name="os.version" value="10.0"/>
    <property name="user.home" value="C:\Users\markm"/>
    <property name="user.timezone" value="Africa/Cairo"/>
    <property name="file.encoding" value="UTF-8"/>
    <property name="java.specification.version" value="18"/>
    <property name="user.name" value="markm"/>
    <property name="java.class.path" value="C:\Program Files\JetBrains\IntelliJ IDEA Community Edition 2022.1\plugins\maven\lib\maven3\boot\plexus-classworlds-2.6.0.jar;C:\Program Files\JetBrains\IntelliJ IDEA Community Edition 2022.1\plugins\maven\lib\maven3\boot\plexus-classworlds.license"/>
    <property name="java.vm.specification.version" value="18"/>
    <property name="sun.arch.data.model" value="64"/>
    <property name="sun.java.command" value="org.codehaus.classworlds.Launcher -Didea.version=2022.1 package"/>
    <property name="java.home" value="C:\Users\markm\.jdks\openjdk-18.0.1.1"/>
    <property name="user.language" value="en"/>
    <property name="java.specification.vendor" value="Oracle Corporation"/>
    <property name="java.vm.info" value="mixed mode, sharing"/>
    <property name="java.version" value="18.0.1.1"/>
    <property name="native.encoding" value="Cp1252"/>
    <property name="java.vendor" value="Oracle Corporation"/>
    <property name="maven.home" value="C:\Program Files\JetBrains\IntelliJ IDEA Community Edition 2022.1\plugins\maven\lib\maven3"/>
    <property name="file.separator" value="\"/>
    <property name="java.version.date" value="2022-04-22"/>
    <property name="java.vendor.url.bug" value="https://bugreport.java.com/bugreport/"/>
    <property name="sun.io.unicode.encoding" value="UnicodeLittle"/>
    <property name="sun.cpu.endian" value="little"/>
    <property name="sun.cpu.isalist" value="amd64"/>
  </properties>
  <testcase classname="NotificationTest" name="testNotificationList" time="5.172"/>
  <testcase classname="NotificationTest" name="testNotification" time="0.489"/>
</testsuite>